START-OF-LOG: 3.0
CREATED-BY: DXLog.net v2.6.24
CONTEST: NRAU-CW
CALLSIGN: ES5G
CATEGORY-OPERATOR: MULTI-OP
CATEGORY-TRANSMITTER: UNLIMITED
CATEGORY-POWER: HIGH
CATEGORY-BAND: ALL
CATEGORY-MODE: CW
CLAIMED-SCORE: 68112
NAME: 
ADDRESS: 
CERTIFICATE: NO
SOAPBOX: 
QSO:  3626 PH 2026-01-11 0600 ES5G          59  0001 JG     LY2AX         59   001 KN    
QSO:  3626 PH 2026-01-11 0601 ES5G          59  0002 JG     LY2J          59   001 MM    
QSO:  3626 PH 2026-01-11 0602 ES5G          59  0003 JG     SM7L          59   002 KR    
QSO:  3626 PH 2026-01-11 0603 ES5G          59  0004 JG     LY7W          59   003 KI    
QSO:  3626 PH 2026-01-11 0605 ES5G          59  0005 JG     LY3NX         59   006 UT    
QSO:  3626 PH 2026-01-11 0606 ES5G          59  0006 JG     SE2P          59   004 VB    
QSO:  7080 PH 2026-01-11 0607 ES5G          59  0007 JG     LY2TS         59   001 TI    
QSO:  3626 PH 2026-01-11 0608 ES5G          59  0008 JG     YL3AD         59   004 RR    
QSO:  3626 PH 2026-01-11 0609 ES5G          59  0009 JG     LY2AT         59   003 MM    
QSO:  3626 PH 2026-01-11 0609 ES5G          59  0010 JG     ES5YG         59   003 TA    
QSO:  7080 PH 2026-01-11 0609 ES5G          59  0011 JG     LB1UK         59   004 TR    
QSO:  3626 PH 2026-01-11 0610 ES5G          59  0012 JG     LY2ON         59   005 KI    
QSO:  3626 PH 2026-01-11 0611 ES5G          59  0013 JG     YL5W          59   006 BV    
QSO:  3626 PH 2026-01-11 0611 ES5G          59  0014 JG     LY2K          59   014 AT    
QSO:  3626 PH 2026-01-11 0612 ES5G          59  0015 JG     ES5TVI        59   011 TA    
QSO:  3626 PH 2026-01-11 0613 ES5G          59  0016 JG     ES4IND        59   007 LV    
QSO:  3626 PH 2026-01-11 0613 ES5G          59  0017 JG     LY2ZO         59   015 KM    
QSO:  3626 PH 2026-01-11 0614 ES5G          59  0018 JG     SE5E          59   018 UP    
QSO:  7080 PH 2026-01-11 0616 ES5G          59  0019 JG     OH2KW         59   009 UU    
QSO:  3626 PH 2026-01-11 0617 ES5G          59  0020 JG     YL2QG         59   005 LI    
QSO:  3626 PH 2026-01-11 0618 ES5G          59  0021 JG     LB1UK         59   007 TR    
QSO:  3626 PH 2026-01-11 0618 ES5G          59  0022 JG     ES2MA         59   009 HR    
QSO:  3626 PH 2026-01-11 0620 ES5G          59  0023 JG     LY4L          59   026 KN    
QSO:  7080 PH 2026-01-11 0620 ES5G          59  0024 JG     OZ/SM5S       59   007 VS    
QSO:  3626 PH 2026-01-11 0620 ES5G          59  0025 JG     LY5I          59   037 VV    
QSO:  7080 PH 2026-01-11 0621 ES5G          59  0026 JG     LY4L          59   027 KN    
QSO:  3626 PH 2026-01-11 0621 ES5G          59  0027 JG     YL2BJ         59   030 VR    
QSO:  3626 PH 2026-01-11 0623 ES5G          59  0028 JG     LY6A          59   017 KN    
QSO:  3626 PH 2026-01-11 0624 ES5G          59  0029 JG     ES7A          59   053 VP    
QSO:  3626 PH 2026-01-11 0624 ES5G          59  0030 JG     SM5ACQ        59   010 VM    
QSO:  3626 PH 2026-01-11 0625 ES5G          59  0031 JG     ES1TR         59   011 TL    
QSO:  3626 PH 2026-01-11 0626 ES5G          59  0032 JG     LY5G          59   018 KD    
QSO:  3626 PH 2026-01-11 0628 ES5G          59  0033 JG     LY3IZ         59   018 UT    
QSO:  3626 PH 2026-01-11 0629 ES5G          59  0034 JG     YL2TD         59   002 RR    
QSO:  3626 PH 2026-01-11 0630 ES5G          59  0032 JG     OH7JL         59   025 PK    
QSO:  3626 PH 2026-01-11 0630 ES5G          59  0035 JG     ES2IA         59   018 HR    
QSO:  3626 PH 2026-01-11 0631 ES5G          59  0036 JG     YL3OF         59   016 BV    
QSO:  3626 PH 2026-01-11 0632 ES5G          59  0037 JG     YL3NT         59   017 RE    
QSO:  3626 PH 2026-01-11 0632 ES5G          59  0038 JG     LY5W          59   051 KN    
QSO:  3626 PH 2026-01-11 0632 ES5G          59  0039 JG     YL2SM         59   073 AU    
QSO:  3626 PH 2026-01-11 0633 ES5G          59  0040 JG     LY2MC         59   025 TI    
QSO:  3626 PH 2026-01-11 0633 ES5G          59  0041 JG     LY3LT         59   021 VV    
QSO:  3626 PH 2026-01-11 0634 ES5G          59  0042 JG     SA0IAT        59   013 SL    
QSO:  3626 PH 2026-01-11 0635 ES5G          59  0043 JG     YL3GQ         59   025 JE    
QSO:  3626 PH 2026-01-11 0635 ES5G          59  0044 JG     LY5GT         59   063 VV    
QSO:  3626 PH 2026-01-11 0636 ES5G          59  0045 JG     YL7A          59   046 VK    
QSO:  3626 PH 2026-01-11 0636 ES5G          59  0046 JG     YL3JA         59   027 TU    
QSO:  3626 PH 2026-01-11 0637 ES5G          59  0047 JG     LY6C          59   036 KM    
QSO:  3626 PH 2026-01-11 0638 ES5G          59  0048 JG     LY5O          59   073 KM    
QSO:  3626 PH 2026-01-11 0638 ES5G          59  0049 JG     LY2MM         59   059 KM    
QSO:  3626 PH 2026-01-11 0638 ES5G          59  0050 JG     YL2FD         59   028 RR    
QSO:  7086 PH 2026-01-11 0639 ES5G          59  0051 JG     SM3RDU        59   011 GA    
QSO:  3626 PH 2026-01-11 0639 ES5G          59  0052 JG     SM5B          59   020 VM    
QSO:  3626 PH 2026-01-11 0644 ES5G          59  0053 JG     SF6J          59   020 VD    
QSO:  3626 PH 2026-01-11 0644 ES5G          59  0054 JG     OH6OS         59   040 EP    
QSO:  3626 PH 2026-01-11 0649 ES5G          59  0055 JG     YL3KW         59   029 VK    
QSO:  3626 PH 2026-01-11 0650 ES5G          59  0056 JG     YL3RZ         59   060 RR    
QSO:  3626 PH 2026-01-11 0650 ES5G          59  0057 JG     LY2VO         59   001 SI    
QSO:  3626 PH 2026-01-11 0651 ES5G          59  0058 JG     LY6O          59   043 SI    
QSO:  7086 PH 2026-01-11 0651 ES5G          59  0058 JG     LA1K          59   001 TR    
QSO:  3626 PH 2026-01-11 0652 ES5G          59  0034 JG     YL2PJ         59   049 RE    
QSO:  7086 PH 2026-01-11 0652 ES5G          59  0059 JG     LA7USA        59   003 HO    
QSO:  7086 PH 2026-01-11 0653 ES5G          59  0060 JG     ES7A          59   095 VP    
QSO:  7086 PH 2026-01-11 0653 ES5G          59  0061 JG     LY9A          59   079 PA    
QSO:  3626 PH 2026-01-11 0654 ES5G          59  0035 JG     ES3BM         59   003 RP    
QSO:  7086 PH 2026-01-11 0655 ES5G          59  0062 JG     ES2RX         59   089 HR    
QSO:  3626 PH 2026-01-11 0655 ES5G          59  0063 JG     LY4MP         59   003 KI    
QSO:  3626 PH 2026-01-11 0655 ES5G          59  0064 JG     LY7M          59   014 UT    
QSO:  3626 PH 2026-01-11 0656 ES5G          59  0065 JG     ES8TPR        59   019 PU    
QSO:  3626 PH 2026-01-11 0656 ES5G          59  0036 JG     SA7DXR        59   035 KR    
QSO:  7086 PH 2026-01-11 0656 ES5G          59  0066 JG     OH3Z          59   066 VA    
QSO:  3626 PH 2026-01-11 0657 ES5G          59  0067 JG     YL3ARE        59   015 RR    
QSO:  3626 PH 2026-01-11 0658 ES5G          59  0037 JG     SA0LEK        59   007 SL    
QSO:  3626 PH 2026-01-11 0659 ES5G          59  0038 JG     SM3RDU        59   017 GA    
QSO:  3626 PH 2026-01-11 0700 ES5G          59  0068 JG     ES4NY         59   059 JG    
QSO:  3626 PH 2026-01-11 0700 ES5G          59  0069 JG     OH8JIX        59   030 KE    
QSO:  7086 PH 2026-01-11 0700 ES5G          59  0070 JG     YL7X          59   099 KG    
QSO:  7086 PH 2026-01-11 0701 ES5G          59  0071 JG     SE5E          59   068 UP    
QSO:  7086 PH 2026-01-11 0702 ES5G          59  0072 JG     OH2BBM        59   014 PP    
QSO:  3626 PH 2026-01-11 0702 ES5G          59  0073 JG     ES3ART        59   003 LV    
QSO:  3626 PH 2026-01-11 0703 ES5G          59  0074 JG     ES2D          59   027 HR    
QSO:  3626 PH 2026-01-11 0705 ES5G          59  0075 JG     YL2VW         59   084 RR    
QSO:  7086 PH 2026-01-11 0706 ES5G          59  0071 JG     ES4ART        59   004 LV    
QSO:  3626 PH 2026-01-11 0706 ES5G          59  0076 JG     YL2KN         59   036 AU    
QSO:  3626 PH 2026-01-11 0707 ES5G          59  0072 JG     LY2TS         59   023 TI    
QSO:  7086 PH 2026-01-11 0709 ES5G          59  0077 JG     LY5O          59   096 KM    
QSO:  3626 PH 2026-01-11 0710 ES5G          59  0074 JG     ES2RAO        59   038 HR    
QSO:  3626 PH 2026-01-11 0713 ES5G          59  0078 JG     ES6KW         59   021 PL    
QSO:  3626 PH 2026-01-11 0715 ES5G          59  0075 JG     ES7GN         59   052 VP    
QSO:  3626 PH 2026-01-11 0716 ES5G          59  0079 JG     ES2UK         59   038 HR    
QSO:  3626 PH 2026-01-11 0718 ES5G          59  0076 JG     YL3OO         59   028 RR    
QSO:  7086 PH 2026-01-11 0718 ES5G          59  0080 JG     ES2UK         59   039 HR    
QSO:  7086 PH 2026-01-11 0719 ES5G          59  0077 JG     LY2AT         59   046 MM    
QSO:  7086 PH 2026-01-11 0720 ES5G          59  0081 JG     SM7L          59   049 KR    
QSO:  7086 PH 2026-01-11 0721 ES5G          59  0082 JG     LY0NAS        59   016 VU    
QSO:  7086 PH 2026-01-11 0724 ES5G          59  0083 JG     ES5RR         59   090 TA    
QSO:  7086 PH 2026-01-11 0725 ES5G          59  0083 JG     SA7DXR        59   059 KR    
QSO:  3626 PH 2026-01-11 0725 ES5G          59  0084 JG     YL3ARP        59   028 LI    
QSO:  7086 PH 2026-01-11 0725 ES5G          59  0085 JG     LY2MM         59   098 KM    
QSO:  3626 PH 2026-01-11 0725 ES5G          59  0086 JG     ES5RR         59   091 TA    
QSO:  3626 PH 2026-01-11 0726 ES5G          59  0087 JG     LY9A          59   099 PA    
QSO:  7086 PH 2026-01-11 0726 ES5G          59  0084 JG     ES3V          59   059 RP    
QSO:  3626 PH 2026-01-11 0727 ES5G          59  0088 JG     LY7R          59   082 SI    
QSO:  7086 PH 2026-01-11 0727 ES5G          59  0089 JG     SF6J          59   051 VD    
QSO:  7086 PH 2026-01-11 0728 ES5G          59  0085 JG     ES2MC         59   114 HR    
QSO:  3626 PH 2026-01-11 0729 ES5G          59  0090 JG     YL3GY         59   051 BA    
QSO:  7086 PH 2026-01-11 0733 ES5G          59  0091 JG     LY6C          59   074 KM    
QSO:  3626 PH 2026-01-11 0734 ES5G          59  0086 JG     YL1ZK         59   030 TS    
QSO:  7086 PH 2026-01-11 0737 ES5G          59  0092 JG     LY2ZO         59   088 KM    
QSO:  7086 PH 2026-01-11 0741 ES5G          59  0093 JG     SM7ATL        59   020 KA    
QSO:  7086 PH 2026-01-11 0743 ES5G          59  0094 JG     YL2BJ         59   096 VR    
QSO:  7086 PH 2026-01-11 0744 ES5G          59  0095 JG     LY4Q          59   021 VU    
QSO:  7086 PH 2026-01-11 0744 ES5G          59  0096 JG     LB1R          59   050 BU    
QSO:  7086 PH 2026-01-11 0744 ES5G          59  0097 JG     LY2K          59   126 AT    
QSO:  7086 PH 2026-01-11 0745 ES5G          59  0098 JG     SA0IAT        59   058 SL    
QSO:  7086 PH 2026-01-11 0746 ES5G          59  0099 JG     OH9JS         59   016 LA    
QSO:  3626 PH 2026-01-11 0748 ES5G          59  0094 JG     OH9JS         59   017 LA    
QSO:  3626 PH 2026-01-11 0748 ES5G          59  0095 JG     ES1BH         59   023 TL    
QSO:  7086 PH 2026-01-11 0752 ES5G          59  0100 JG     LY6A          59   059 KN    
QSO:  7086 PH 2026-01-11 0752 ES5G          59  0101 JG     YL2GD         59   148 AU    
QSO:  7086 PH 2026-01-11 0753 ES5G          59  0102 JG     LY5W          59   140 KN    
QSO:  7086 PH 2026-01-11 0753 ES5G          59  0103 JG     SA3SKL        59   020 GA    
QSO:  7086 PH 2026-01-11 0754 ES5G          59  0104 JG     SM2IAR        59   015 NB    
QSO:  7086 PH 2026-01-11 0754 ES5G          59  0105 JG     ES1BH         59   026 TL    
QSO:  7086 PH 2026-01-11 0755 ES5G          59  0106 JG     YL3JA         59   069 TU    
QSO:  3626 PH 2026-01-11 0756 ES5G          59  0107 JG     SM7ATL        59   025 KA    
QSO:  7086 PH 2026-01-11 0757 ES5G          59  0108 JG     LY5I          59   105 VV    
QSO:  3626 PH 2026-01-11 0758 ES5G          59  0109 JG     YL2GD         59   153 AU    
QSO:  7086 PH 2026-01-11 0758 ES5G          59  0110 JG     LY2J          59   004 MM    
QSO:  7086 PH 2026-01-11 0759 ES5G          59  0111 JG     LY5G          59   068 KD    
QSO:  3534 CW 2026-01-11 0831 ES5G          599 0002 JG     LY3NX         599  001 UT    
QSO:  7148 CW 2026-01-11 0832 ES5G          599 0001 JG     SE4E          599  001 DA    
QSO:  3534 CW 2026-01-11 0832 ES5G          599 0003 JG     OH2PM         599  004 VA    
QSO:  3534 CW 2026-01-11 0833 ES5G          599 0005 JG     YL2VW         599  007 RR    
QSO:  7148 CW 2026-01-11 0833 ES5G          599 0004 JG     SD5M          599  005 UP    
QSO:  3534 CW 2026-01-11 0833 ES5G          599 0006 JG     OH2KW         599  006 UU    
QSO:  7148 CW 2026-01-11 0834 ES5G          599 0007 JG     SM7CIL        599  001 KA    
QSO:  7148 CW 2026-01-11 0836 ES5G          599 0008 JG     ES7GN         599  007 VP    
QSO:  3534 CW 2026-01-11 0836 ES5G          599 0009 JG     OH3Z          599  004 VA    
QSO:  3534 CW 2026-01-11 0836 ES5G          599 0010 JG     OH7QR         599  005 PS    
QSO:  3534 CW 2026-01-11 0837 ES5G          599 0011 JG     LA1TV         599  007 BU    
QSO:  7148 CW 2026-01-11 0838 ES5G          599 0012 JG     OH1LWZ        599  002 SA    
QSO:  3534 CW 2026-01-11 0838 ES5G          599 0013 JG     OH6BA         599  003 KE    
QSO:  3534 CW 2026-01-11 0840 ES5G          599 0014 JG     LB1R          599  002 BU    
QSO:  3534 CW 2026-01-11 0840 ES5G          599 0016 JG     SM6F          599  010 VD    
QSO:  3534 CW 2026-01-11 0841 ES5G          599 0017 JG     ES3LR         599  005 LN    
QSO:  3534 CW 2026-01-11 0842 ES5G          599 0019 JG     YL2PJ         599  013 RE    
QSO:  7148 CW 2026-01-11 0842 ES5G          599 0018 JG     OH3BCX        599  001 PH    
QSO:  3534 CW 2026-01-11 0842 ES5G          599 0020 JG     LY6C          599  018 KM    
QSO:  3534 CW 2026-01-11 0843 ES5G          599 0021 JG     ES2MA         599  009 HR    
QSO:  3534 CW 2026-01-11 0844 ES5G          599 0023 JG     YL2NK         599  006 LI    
QSO:  7148 CW 2026-01-11 0844 ES5G          599 0022 JG     LY5T          599  012 AT    
QSO:  3534 CW 2026-01-11 0844 ES5G          599 0024 JG     SE4E          599  009 DA    
QSO:  3534 CW 2026-01-11 0844 ES5G          599 0025 JG     YL2TD         599  013 RR    
QSO:  3534 CW 2026-01-11 0845 ES5G          599 0027 JG     YL2FD         599  015 RR    
QSO:  7148 CW 2026-01-11 0845 ES5G          599 0026 JG     LY9A          599  028 PA    
QSO:  3534 CW 2026-01-11 0846 ES5G          599 0028 JG     SM0D          599  018 SL    
QSO:  7148 CW 2026-01-11 0846 ES5G          599 0029 JG     LY6A          599  028 KN    
QSO:  3534 CW 2026-01-11 0846 ES5G          599 0030 JG     YL3NU         599  016 RR    
QSO:  3534 CW 2026-01-11 0846 ES5G          599 0031 JG     ES2MC         599  027 HR    
QSO:  3534 CW 2026-01-11 0846 ES5G          599 0032 JG     LY2AT         599  013 MM    
QSO:  7148 CW 2026-01-11 0847 ES5G          599 0033 JG     OZ8AE         599  002 KH    
QSO:  3534 CW 2026-01-11 0847 ES5G          599 0034 JG     LY5I          599  027 VV    
QSO:  3534 CW 2026-01-11 0847 ES5G          599 0035 JG     LY2A          599  029 MM    
QSO:  7148 CW 2026-01-11 0847 ES5G          599 0036 JG     ES7A          599  030 VP    
QSO:  3534 CW 2026-01-11 0847 ES5G          599 0037 JG     LA6CDA        599  006 BU    
QSO:  3534 CW 2026-01-11 0848 ES5G          599 0038 JG     YL2BJ         599  034 VR    
QSO:  7148 CW 2026-01-11 0848 ES5G          599 0039 JG     ES2QD         599  003 HR    
QSO:  3534 CW 2026-01-11 0848 ES5G          599 0040 JG     SM6M          599  022 VD    
QSO:  7148 CW 2026-01-11 0849 ES5G          599 0042 JG     LY5W          599  035 KN    
QSO:  3534 CW 2026-01-11 0849 ES5G          599 0041 JG     LC5A          599  009 BU    
QSO:  7148 CW 2026-01-11 0849 ES5G          599 0043 JG     LY2K          599  022 AT    
QSO:  3534 CW 2026-01-11 0850 ES5G          599 0044 JG     SM5CSS        599  021 UP    
QSO:  3534 CW 2026-01-11 0850 ES5G          599 0046 JG     YL7X          599  046 KG    
QSO:  7148 CW 2026-01-11 0850 ES5G          599 0045 JG     SE6K          599  013 HA    
QSO:  3534 CW 2026-01-11 0851 ES5G          599 0047 JG     LY5W          599  038 KN    
QSO:  3534 CW 2026-01-11 0851 ES5G          599 0049 JG     YL2GD         599  033 AU    
QSO:  3534 CW 2026-01-11 0852 ES5G          599 0050 JG     OZ1AAR        599  012 KH    
QSO:  3534 CW 2026-01-11 0853 ES5G          599 0051 JG     ES8TPR        599  005 PU    
QSO:  7148 CW 2026-01-11 0853 ES5G          599 0048 JG     7S3X          599  008 NB    
QSO:  3534 CW 2026-01-11 0853 ES5G          599 0052 JG     LY4L          599  027 KN    
QSO:  3534 CW 2026-01-11 0853 ES5G          599 0053 JG     YL5T          599  047 CE    
QSO:  3534 CW 2026-01-11 0854 ES5G          599 0055 JG     SM6F          599  018 VD    
QSO:  7148 CW 2026-01-11 0855 ES5G          599 0054 JG     OZ3SM         599  018 KH    
QSO:  3534 CW 2026-01-11 0855 ES5G          599 0056 JG     YL2SM         599  049 AU    
QSO:  7148 CW 2026-01-11 0855 ES5G          599 0058 JG     LY4AA         599  007 KM    
QSO:  3534 CW 2026-01-11 0855 ES5G          599 0059 JG     LY6A          599  043 KN    
QSO:  3534 CW 2026-01-11 0856 ES5G          599 0060 JG     OH6LUW        599  008 PO    
QSO:  3534 CW 2026-01-11 0856 ES5G          599 0061 JG     OU3A          599  009 VS    
QSO:  7148 CW 2026-01-11 0857 ES5G          599 0063 JG     LB1UK         599  010 TR    
QSO:  3534 CW 2026-01-11 0857 ES5G          599 0062 JG     YL3AD         599  017 RR    
QSO:  3534 CW 2026-01-11 0857 ES5G          599 0064 JG     YL3JA         599  039 TU    
QSO:  3534 CW 2026-01-11 0857 ES5G          599 0065 JG     LY5G          599  019 KD    
QSO:  3534 CW 2026-01-11 0858 ES5G          599 0066 JG     SE5E          599  053 UP    
QSO:  7148 CW 2026-01-11 0858 ES5G          599 0067 JG     LA5LJA        599  005 IN    
QSO:  3534 CW 2026-01-11 0859 ES5G          599 0068 JG     YL9T          599  053 VK    
QSO:  7148 CW 2026-01-11 0900 ES5G          599 0067 JG     ES2RR         599  043 HR    
QSO:  3534 CW 2026-01-11 0900 ES5G          599 0069 JG     YL3RZ         599  039 RR    
QSO:  3534 CW 2026-01-11 0901 ES5G          599 0070 JG     LY7R          599  041 SI    
QSO:  3534 CW 2026-01-11 0901 ES5G          599 0071 JG     ES3TI         599  038 RP    
QSO:  3534 CW 2026-01-11 0902 ES5G          599 0072 JG     LY0NAS        599  018 VU    
QSO:  3534 CW 2026-01-11 0902 ES5G          599 0073 JG     LY2MM         599  035 KM    
QSO:  3534 CW 2026-01-11 0902 ES5G          599 0074 JG     YL2QV         599  025 JP    
QSO:  3534 CW 2026-01-11 0903 ES5G          599 0075 JG     SF1Z          599  042 GO    
QSO:  3534 CW 2026-01-11 0903 ES5G          599 0076 JG     YL3FT         599  057 OE    
QSO:  3534 CW 2026-01-11 0904 ES5G          599 0077 JG     ES7A          599  050 VP    
QSO:  3534 CW 2026-01-11 0904 ES5G          599 0078 JG     SA7DXR        599  025 KR    
QSO:  3534 CW 2026-01-11 0905 ES5G          599 0079 JG     YL3GQ         599  024 JE    
QSO:  7148 CW 2026-01-11 0905 ES5G          599 0080 JG     LY2AX         599  043 KN    
QSO:  3534 CW 2026-01-11 0905 ES5G          599 0080 JG     ES5YG         599  033 TA    
QSO:  3534 CW 2026-01-11 0905 ES5G          599 0081 JG     LB4UH         599  020 OS    
QSO:  3534 CW 2026-01-11 0906 ES5G          599 0082 JG     YL7A          599  056 VK    
QSO:  3534 CW 2026-01-11 0907 ES5G          599 0083 JG     YL3JD         599  038 OE    
QSO:  3534 CW 2026-01-11 0907 ES5G          599 0084 JG     SM5IMO        599  041 SO    
QSO:  7148 CW 2026-01-11 0909 ES5G          599 0086 JG     ES2D          599  018 HR    
QSO:  7148 CW 2026-01-11 0911 ES5G          599 0087 JG     LA6IHA        599  008 HO    
QSO:  3534 CW 2026-01-11 0911 ES5G          599 0085 JG     ES1OX         599  021 TL    
QSO:  7148 CW 2026-01-11 0911 ES5G          599 0088 JG     SM6M          599  050 VD    
QSO:  7148 CW 2026-01-11 0912 ES5G          599 0089 JG     SE5E          599  078 UP    
QSO:  3534 CW 2026-01-11 0913 ES5G          599 0090 JG     LY2CX         599  068 VU    
QSO:  7148 CW 2026-01-11 0915 ES5G          599 0091 JG     ES3TI         599  053 RP    
QSO:  3534 CW 2026-01-11 0916 ES5G          599 0092 JG     LY2MC         599  015 TI    
QSO:  7148 CW 2026-01-11 0916 ES5G          599 0093 JG     ES2MC         599  078 HR    
QSO:  7148 CW 2026-01-11 0917 ES5G          599 0095 JG     LY3CY         599  036 VU    
QSO:  3534 CW 2026-01-11 0917 ES5G          599 0094 JG     OZ/SM5S       599  027 VS    
QSO:  3534 CW 2026-01-11 0917 ES5G          599 0096 JG     SM5DXR        599  013 VM    
QSO:  7148 CW 2026-01-11 0918 ES5G          599 0098 JG     LY1CT         599  043 KD    
QSO:  3534 CW 2026-01-11 0918 ES5G          599 0097 JG     OZ0B          599  029 SJ    
QSO:  7148 CW 2026-01-11 0918 ES5G          599 0099 JG     YL2TD         599  058 RR    
QSO:  3534 CW 2026-01-11 0919 ES5G          599 0100 JG     YL2KO         599  069 AU    
QSO:  7148 CW 2026-01-11 0920 ES5G          599 0101 JG     LY2J          599  058 MM    
QSO:  3534 CW 2026-01-11 0920 ES5G          599 0102 JG     OI3V          599  044 PM    
QSO:  7148 CW 2026-01-11 0920 ES5G          599 0103 JG     OH7QR         599  024 PS    
QSO:  3534 CW 2026-01-11 0921 ES5G          599 0104 JG     OH2CV         599  040 PH    
QSO:  7148 CW 2026-01-11 0921 ES5G          599 0105 JG     ES3LR         599  021 LN    
QSO:  3534 CW 2026-01-11 0921 ES5G          599 0106 JG     OH7JL         599  008 PK    
QSO:  7148 CW 2026-01-11 0922 ES5G          599 0107 JG     YL2PJ         599  040 RE    
QSO:  7148 CW 2026-01-11 0922 ES5G          599 0108 JG     OU3A          599  020 VS    
QSO:  3534 CW 2026-01-11 0922 ES5G          599 0109 JG     YL1YF         599  058 LI    
QSO:  3534 CW 2026-01-11 0923 ES5G          599 0110 JG     OH2YL         599  030 KT    
QSO:  7148 CW 2026-01-11 0924 ES5G          599 0111 JG     LY5I          599  079 VV    
QSO:  3534 CW 2026-01-11 0925 ES5G          599 0112 JG     LY7M          599  080 UT    
QSO:  3534 CW 2026-01-11 0928 ES5G          599 0113 JG     OH3LS         599  012 PM    
QSO:  7148 CW 2026-01-11 0928 ES5G          599 0114 JG     LY6O          599  067 SI    
QSO:  3534 CW 2026-01-11 0928 ES5G          599 0115 JG     OH1NA         599  053 SA    
QSO:  3534 CW 2026-01-11 0929 ES5G          599 0116 JG     YL5W          599  033 BV    
QSO:  7148 CW 2026-01-11 0929 ES5G          599 0117 JG     SM5IMO        599  060 SO    
QSO:  7148 CW 2026-01-11 0930 ES5G          599 0118 JG     SM5ACQ        599  063 VM    
QSO:  7148 CW 2026-01-11 0932 ES5G          599 0117 JG     LY5I          599  089 VV    
QSO:  7148 CW 2026-01-11 0932 ES5G          599 0118 JG     ES2MA         599  046 HR    
QSO:  7148 CW 2026-01-11 0933 ES5G          599 0119 JG     SC6O          599  044 VD    
QSO:  7148 CW 2026-01-11 0934 ES5G          599 0120 JG     OH3Z          599  056 VA    
QSO:  7148 CW 2026-01-11 0934 ES5G          599 0121 JG     SM0OEK        599  060 DA    
QSO:  7148 CW 2026-01-11 0934 ES5G          599 0122 JG     LY5O          599  086 KM    
QSO:  7148 CW 2026-01-11 0935 ES5G          599 0123 JG     OH6OS         599  054 EP    
QSO:  7148 CW 2026-01-11 0935 ES5G          599 0124 JG     ES1BH         599  068 TL    
QSO:  7148 CW 2026-01-11 0935 ES5G          599 0125 JG     SM5EIE        599  041 SO    
QSO:  7148 CW 2026-01-11 0936 ES5G          599 0126 JG     YL2GD         599  097 AU    
QSO:  7148 CW 2026-01-11 0936 ES5G          599 0127 JG     OH6BA         599  051 KE    
QSO:  3538 CW 2026-01-11 0937 ES5G          599 0128 JG     YL2CQ         599  053 TS    
QSO:  7148 CW 2026-01-11 0937 ES5G          599 0129 JG     OH2CV         599  053 PH    
QSO:  7148 CW 2026-01-11 0938 ES5G          599 0130 JG     LY0NAS        599  033 VU    
QSO:  7148 CW 2026-01-11 0938 ES5G          599 0131 JG     LY7R          599  087 SI    
QSO:  7148 CW 2026-01-11 0939 ES5G          599 0132 JG     YL3JD         599  068 OE    
QSO:  7148 CW 2026-01-11 0939 ES5G          599 0133 JG     YL7X          599  132 KG    
QSO:  3535 CW 2026-01-11 0940 ES5G          599 0134 JG     SA0IAT        599  044 SL    
QSO:  7148 CW 2026-01-11 0940 ES5G          599 0135 JG     SM0D          599  076 SL    
QSO:  3535 CW 2026-01-11 0941 ES5G          599 0136 JG     LY2K          599  086 AT    
QSO:  7148 CW 2026-01-11 0942 ES5G          599 0137 JG     SM7ATL        599  001 KA    
QSO:  7148 CW 2026-01-11 0942 ES5G          599 0138 JG     OH1NA         599  075 SA    
QSO:  7013 CW 2026-01-11 0944 ES5G          599 0139 JG     LY1M          599  082 MM    
QSO:  7013 CW 2026-01-11 0944 ES5G          599 0140 JG     LY2A          599  101 MM    
QSO:  7013 CW 2026-01-11 0944 ES5G          599 0141 JG     LA6CDA        599  023 BU    
QSO:  7013 CW 2026-01-11 0945 ES5G          599 0142 JG     SA7DXR        599  057 KR    
QSO:  7013 CW 2026-01-11 0945 ES5G          599 0143 JG     YL5W          599  041 BV    
QSO:  7013 CW 2026-01-11 0945 ES5G          599 0145 JG     LY2MM         599  089 KM    
QSO:  3525 CW 2026-01-11 0946 ES5G          599 0144 JG     OG1F          599  115 SA    
QSO:  7013 CW 2026-01-11 0947 ES5G          599 0146 JG     OH2PM         599  083 VA    
QSO:  7013 CW 2026-01-11 0948 ES5G          599 0147 JG     OI3V          599  070 PM    
QSO:  7013 CW 2026-01-11 0948 ES5G          599 0148 JG     LY2SA         599  073 AT    
QSO:  7011 CW 2026-01-11 0949 ES5G          599 0149 JG     OZ/SM5S       599  050 VS    
QSO:  7013 CW 2026-01-11 0950 ES5G          599 0150 JG     OZ0B          599  063 SJ    
QSO:  7013 CW 2026-01-11 0950 ES5G          599 0152 JG     YL2SM         599  124 AU    
QSO:  3532 CW 2026-01-11 0950 ES5G          599 0151 JG     ES7A          599  087 VP    
QSO:  7013 CW 2026-01-11 0951 ES5G          599 0153 JG     SF1Z          599  108 GO    
QSO:  7013 CW 2026-01-11 0951 ES5G          599 0154 JG     YL5T          599  139 CE    
QSO:  7013 CW 2026-01-11 0951 ES5G          599 0155 JG     YL3FT         599  117 OE    
QSO:  3534 CW 2026-01-11 0951 ES5G          599 0156 JG     ES2RR         599  116 HR    
QSO:  7013 CW 2026-01-11 0951 ES5G          599 0157 JG     LY6C          599  089 KM    
QSO:  7013 CW 2026-01-11 0952 ES5G          599 0158 JG     ES5YG         599  082 TA    
QSO:  3534 CW 2026-01-11 0953 ES5G          599 0159 JG     LY9A          599  127 PA    
QSO:  7013 CW 2026-01-11 0953 ES5G          599 0160 JG     SM5DXR        599  039 VM    
QSO:  7013 CW 2026-01-11 0953 ES5G          599 0161 JG     LY4L          599  099 KN    
QSO:  7013 CW 2026-01-11 0954 ES5G          599 0162 JG     ES3BM         599  029 RP    
QSO:  7013 CW 2026-01-11 0955 ES5G          599 0163 JG     YL2QV         599  064 JP    
QSO:  7013 CW 2026-01-11 0956 ES5G          599 0164 JG     LB6VI         599  007 TR    
QSO:  7013 CW 2026-01-11 0959 ES5G          599 0165 JG     YL2VW         599  139 RR    
QSO:  7014 CW 2026-01-11 0959 ES5G          599 0166 JG     LY2PJ         599  101 RE    
QSO:  7013 CW 2026-01-11 1001 ES5G          599 0166 JG     LY2AT         599  087 MM    
QSO:  7013 CW 2026-01-11 1001 ES5G          599 0167 JG     OG1F          599  136 SA    
QSO:  7013 CW 2026-01-11 1001 ES5G          599 0168 JG     SM5CSS        599  091 UP    
QSO:  3517 CW 2026-01-11 1002 ES5G          599 0169 JG     ES2D          599  034 HR    
QSO:  7013 CW 2026-01-11 1002 ES5G          599 0170 JG     OH0Z          599  130 AL    
QSO:  7013 CW 2026-01-11 1003 ES5G          599 0171 JG     ES2GW         599  037 HR    
QSO:  7013 CW 2026-01-11 1004 ES5G          599 0172 JG     YL3GQ         599  060 JE    
QSO:  7013 CW 2026-01-11 1004 ES5G          599 0173 JG     YL2NK         599  065 LI    
QSO:  7013 CW 2026-01-11 1005 ES5G          599 0174 JG     YL2BJ         599  151 VR    
QSO:  7013 CW 2026-01-11 1005 ES5G          599 0175 JG     SM7ATL        599  012 KA    
QSO:  3529 CW 2026-01-11 1005 ES5G          599 0176 JG     SE5E          599  159 UP    
QSO:  7013 CW 2026-01-11 1008 ES5G          599 0176 JG     ES5NY         599  090 JG    
QSO:  7013 CW 2026-01-11 1009 ES5G          599 0177 JG     OH6LUW        599  039 PO    
QSO:  7013 CW 2026-01-11 1009 ES5G          599 0178 JG     LY2TS         599  079 TI    
QSO:  7013 CW 2026-01-11 1012 ES5G          599 0181 JG     LY7W          599  125 KI    
QSO:  7013 CW 2026-01-11 1013 ES5G          599 0182 JG     SA2OLM        599  026 NB    
QSO:  7015 CW 2026-01-11 1015 ES5G          599 0179 JG     YL1YF         599  128 LI    
QSO:  7013 CW 2026-01-11 1016 ES5G          599 0183 JG     ES5KC         599  001 TA    
QSO:  7013 CW 2026-01-11 1018 ES5G          599 0185 JG     YL9T          599  163 VK    
QSO:  7013 CW 2026-01-11 1018 ES5G          599 0186 JG     LY7M          599  173 UT    
QSO:  7013 CW 2026-01-11 1019 ES5G          599 0187 JG     YL3NU         599  069 RR    
QSO:  3538 CW 2026-01-11 1020 ES5G          599 0184 JG     OG3C          599  008 UU    
QSO:  7013 CW 2026-01-11 1022 ES5G          599 0188 JG     LY2MC         599  074 TI    
QSO:  7013 CW 2026-01-11 1026 ES5G          599 0189 JG     LY5G          599  086 KD    
QSO:  7023 CW 2026-01-11 1027 ES5G          599 0191 JG     LB4UH         599  092 BA    
QSO:  7015 CW 2026-01-11 1029 ES5G          599 0192 JG     OH2YL         599  100 KT    
QSO:  3530 CW 2026-01-11 1030 ES5G          599 0190 JG     ES5KC         599  002 TA    
END-OF-LOG:
