START-OF-LOG: 3.0
CREATED-BY: DXLog.net v2.6.24
CONTEST: NRAU-SSB
CALLSIGN: ES5G
CATEGORY-OPERATOR: MULTI-OP
CATEGORY-TRANSMITTER: UNLIMITED
CATEGORY-POWER: HIGH
CATEGORY-BAND: ALL
CATEGORY-MODE: SSB
CLAIMED-SCORE: 20280
NAME: 
ADDRESS: 
CERTIFICATE: NO
SOAPBOX: 
QSO:  3626 PH 2026-01-11 0600 ES5G          59  0001 JG     LY2AX         59   001 KN    
QSO:  3626 PH 2026-01-11 0601 ES5G          59  0002 JG     LY2J          59   001 MM    
QSO:  3626 PH 2026-01-11 0602 ES5G          59  0003 JG     SM7L          59   002 KR    
QSO:  3626 PH 2026-01-11 0603 ES5G          59  0004 JG     LY7W          59   003 KI    
QSO:  3626 PH 2026-01-11 0605 ES5G          59  0005 JG     LY3NX         59   006 UT    
QSO:  3626 PH 2026-01-11 0606 ES5G          59  0006 JG     SE2P          59   004 VB    
QSO:  7080 PH 2026-01-11 0607 ES5G          59  0007 JG     LY2TS         59   001 TI    
QSO:  3626 PH 2026-01-11 0608 ES5G          59  0008 JG     YL3AD         59   004 RR    
QSO:  3626 PH 2026-01-11 0609 ES5G          59  0009 JG     LY2AT         59   003 MM    
QSO:  3626 PH 2026-01-11 0609 ES5G          59  0010 JG     ES5YG         59   003 TA    
QSO:  7080 PH 2026-01-11 0609 ES5G          59  0011 JG     LB1UK         59   004 TR    
QSO:  3626 PH 2026-01-11 0610 ES5G          59  0012 JG     LY2ON         59   005 KI    
QSO:  3626 PH 2026-01-11 0611 ES5G          59  0013 JG     YL5W          59   006 BV    
QSO:  3626 PH 2026-01-11 0611 ES5G          59  0014 JG     LY2K          59   014 AT    
QSO:  3626 PH 2026-01-11 0612 ES5G          59  0015 JG     ES5TVI        59   011 TA    
QSO:  3626 PH 2026-01-11 0613 ES5G          59  0016 JG     ES4IND        59   007 LV    
QSO:  3626 PH 2026-01-11 0613 ES5G          59  0017 JG     LY2ZO         59   015 KM    
QSO:  3626 PH 2026-01-11 0614 ES5G          59  0018 JG     SE5E          59   018 UP    
QSO:  7080 PH 2026-01-11 0616 ES5G          59  0019 JG     OH2KW         59   009 UU    
QSO:  3626 PH 2026-01-11 0617 ES5G          59  0020 JG     YL2QG         59   005 LI    
QSO:  3626 PH 2026-01-11 0618 ES5G          59  0021 JG     LB1UK         59   007 TR    
QSO:  3626 PH 2026-01-11 0618 ES5G          59  0022 JG     ES2MA         59   009 HR    
QSO:  3626 PH 2026-01-11 0620 ES5G          59  0023 JG     LY4L          59   026 KN    
QSO:  7080 PH 2026-01-11 0620 ES5G          59  0024 JG     OZ/SM5S       59   007 VS    
QSO:  3626 PH 2026-01-11 0620 ES5G          59  0025 JG     LY5I          59   037 VV    
QSO:  7080 PH 2026-01-11 0621 ES5G          59  0026 JG     LY4L          59   027 KN    
QSO:  3626 PH 2026-01-11 0621 ES5G          59  0027 JG     YL2BJ         59   030 VR    
QSO:  3626 PH 2026-01-11 0623 ES5G          59  0028 JG     LY6A          59   017 KN    
QSO:  3626 PH 2026-01-11 0624 ES5G          59  0029 JG     ES7A          59   053 VP    
QSO:  3626 PH 2026-01-11 0624 ES5G          59  0030 JG     SM5ACQ        59   010 VM    
QSO:  3626 PH 2026-01-11 0625 ES5G          59  0031 JG     ES1TR         59   011 TL    
QSO:  3626 PH 2026-01-11 0626 ES5G          59  0032 JG     LY5G          59   018 KD    
QSO:  3626 PH 2026-01-11 0628 ES5G          59  0033 JG     LY3IZ         59   018 UT    
QSO:  3626 PH 2026-01-11 0629 ES5G          59  0034 JG     YL2TD         59   002 RR    
QSO:  3626 PH 2026-01-11 0630 ES5G          59  0032 JG     OH7JL         59   025 PK    
QSO:  3626 PH 2026-01-11 0630 ES5G          59  0035 JG     ES2IA         59   018 HR    
QSO:  3626 PH 2026-01-11 0631 ES5G          59  0036 JG     YL3OF         59   016 BV    
QSO:  3626 PH 2026-01-11 0632 ES5G          59  0037 JG     YL3NT         59   017 RE    
QSO:  3626 PH 2026-01-11 0632 ES5G          59  0038 JG     LY5W          59   051 KN    
QSO:  3626 PH 2026-01-11 0632 ES5G          59  0039 JG     YL2SM         59   073 AU    
QSO:  3626 PH 2026-01-11 0633 ES5G          59  0040 JG     LY2MC         59   025 TI    
QSO:  3626 PH 2026-01-11 0633 ES5G          59  0041 JG     LY3LT         59   021 VV    
QSO:  3626 PH 2026-01-11 0634 ES5G          59  0042 JG     SA0IAT        59   013 SL    
QSO:  3626 PH 2026-01-11 0635 ES5G          59  0043 JG     YL3GQ         59   025 JE    
QSO:  3626 PH 2026-01-11 0635 ES5G          59  0044 JG     LY5GT         59   063 VV    
QSO:  3626 PH 2026-01-11 0636 ES5G          59  0045 JG     YL7A          59   046 VK    
QSO:  3626 PH 2026-01-11 0636 ES5G          59  0046 JG     YL3JA         59   027 TU    
QSO:  3626 PH 2026-01-11 0637 ES5G          59  0047 JG     LY6C          59   036 KM    
QSO:  3626 PH 2026-01-11 0638 ES5G          59  0048 JG     LY5O          59   073 KM    
QSO:  3626 PH 2026-01-11 0638 ES5G          59  0049 JG     LY2MM         59   059 KM    
QSO:  3626 PH 2026-01-11 0638 ES5G          59  0050 JG     YL2FD         59   028 RR    
QSO:  7086 PH 2026-01-11 0639 ES5G          59  0051 JG     SM3RDU        59   011 GA    
QSO:  3626 PH 2026-01-11 0639 ES5G          59  0052 JG     SM5B          59   020 VM    
QSO:  3626 PH 2026-01-11 0644 ES5G          59  0053 JG     SF6J          59   020 VD    
QSO:  3626 PH 2026-01-11 0644 ES5G          59  0054 JG     OH6OS         59   040 EP    
QSO:  3626 PH 2026-01-11 0649 ES5G          59  0055 JG     YL3KW         59   029 VK    
QSO:  3626 PH 2026-01-11 0650 ES5G          59  0056 JG     YL3RZ         59   060 RR    
QSO:  3626 PH 2026-01-11 0650 ES5G          59  0057 JG     LY2VO         59   001 SI    
QSO:  3626 PH 2026-01-11 0651 ES5G          59  0058 JG     LY6O          59   043 SI    
QSO:  7086 PH 2026-01-11 0651 ES5G          59  0058 JG     LA1K          59   001 TR    
QSO:  3626 PH 2026-01-11 0652 ES5G          59  0034 JG     YL2PJ         59   049 RE    
QSO:  7086 PH 2026-01-11 0652 ES5G          59  0059 JG     LA7USA        59   003 HO    
QSO:  7086 PH 2026-01-11 0653 ES5G          59  0060 JG     ES7A          59   095 VP    
QSO:  7086 PH 2026-01-11 0653 ES5G          59  0061 JG     LY9A          59   079 PA    
QSO:  3626 PH 2026-01-11 0654 ES5G          59  0035 JG     ES3BM         59   003 RP    
QSO:  7086 PH 2026-01-11 0655 ES5G          59  0062 JG     ES2RX         59   089 HR    
QSO:  3626 PH 2026-01-11 0655 ES5G          59  0063 JG     LY4MP         59   003 KI    
QSO:  3626 PH 2026-01-11 0655 ES5G          59  0064 JG     LY7M          59   014 UT    
QSO:  3626 PH 2026-01-11 0656 ES5G          59  0065 JG     ES8TPR        59   019 PU    
QSO:  3626 PH 2026-01-11 0656 ES5G          59  0036 JG     SA7DXR        59   035 KR    
QSO:  7086 PH 2026-01-11 0656 ES5G          59  0066 JG     OH3Z          59   066 VA    
QSO:  3626 PH 2026-01-11 0657 ES5G          59  0067 JG     YL3ARE        59   015 RR    
QSO:  3626 PH 2026-01-11 0658 ES5G          59  0037 JG     SA0LEK        59   007 SL    
QSO:  3626 PH 2026-01-11 0659 ES5G          59  0038 JG     SM3RDU        59   017 GA    
QSO:  3626 PH 2026-01-11 0700 ES5G          59  0068 JG     ES4NY         59   059 JG    
QSO:  3626 PH 2026-01-11 0700 ES5G          59  0069 JG     OH8JIX        59   030 KE    
QSO:  7086 PH 2026-01-11 0700 ES5G          59  0070 JG     YL7X          59   099 KG    
QSO:  7086 PH 2026-01-11 0701 ES5G          59  0071 JG     SE5E          59   068 UP    
QSO:  7086 PH 2026-01-11 0702 ES5G          59  0072 JG     OH2BBM        59   014 PP    
QSO:  3626 PH 2026-01-11 0702 ES5G          59  0073 JG     ES3ART        59   003 LV    
QSO:  3626 PH 2026-01-11 0703 ES5G          59  0074 JG     ES2D          59   027 HR    
QSO:  3626 PH 2026-01-11 0705 ES5G          59  0075 JG     YL2VW         59   084 RR    
QSO:  7086 PH 2026-01-11 0706 ES5G          59  0071 JG     ES4ART        59   004 LV    
QSO:  3626 PH 2026-01-11 0706 ES5G          59  0076 JG     YL2KN         59   036 AU    
QSO:  3626 PH 2026-01-11 0707 ES5G          59  0072 JG     LY2TS         59   023 TI    
QSO:  7086 PH 2026-01-11 0709 ES5G          59  0077 JG     LY5O          59   096 KM    
QSO:  3626 PH 2026-01-11 0710 ES5G          59  0074 JG     ES2RAO        59   038 HR    
QSO:  3626 PH 2026-01-11 0713 ES5G          59  0078 JG     ES6KW         59   021 PL    
QSO:  3626 PH 2026-01-11 0715 ES5G          59  0075 JG     ES7GN         59   052 VP    
QSO:  3626 PH 2026-01-11 0716 ES5G          59  0079 JG     ES2UK         59   038 HR    
QSO:  3626 PH 2026-01-11 0718 ES5G          59  0076 JG     YL3OO         59   028 RR    
QSO:  7086 PH 2026-01-11 0718 ES5G          59  0080 JG     ES2UK         59   039 HR    
QSO:  7086 PH 2026-01-11 0719 ES5G          59  0077 JG     LY2AT         59   046 MM    
QSO:  7086 PH 2026-01-11 0720 ES5G          59  0081 JG     SM7L          59   049 KR    
QSO:  7086 PH 2026-01-11 0721 ES5G          59  0082 JG     LY0NAS        59   016 VU    
QSO:  7086 PH 2026-01-11 0724 ES5G          59  0083 JG     ES5RR         59   090 TA    
QSO:  7086 PH 2026-01-11 0725 ES5G          59  0083 JG     SA7DXR        59   059 KR    
QSO:  3626 PH 2026-01-11 0725 ES5G          59  0084 JG     YL3ARP        59   028 LI    
QSO:  7086 PH 2026-01-11 0725 ES5G          59  0085 JG     LY2MM         59   098 KM    
QSO:  3626 PH 2026-01-11 0725 ES5G          59  0086 JG     ES5RR         59   091 TA    
QSO:  3626 PH 2026-01-11 0726 ES5G          59  0087 JG     LY9A          59   099 PA    
QSO:  7086 PH 2026-01-11 0726 ES5G          59  0084 JG     ES3V          59   059 RP    
QSO:  3626 PH 2026-01-11 0727 ES5G          59  0088 JG     LY7R          59   082 SI    
QSO:  7086 PH 2026-01-11 0727 ES5G          59  0089 JG     SF6J          59   051 VD    
QSO:  7086 PH 2026-01-11 0728 ES5G          59  0085 JG     ES2MC         59   114 HR    
QSO:  3626 PH 2026-01-11 0729 ES5G          59  0090 JG     YL3GY         59   051 BA    
QSO:  7086 PH 2026-01-11 0733 ES5G          59  0091 JG     LY6C          59   074 KM    
QSO:  3626 PH 2026-01-11 0734 ES5G          59  0086 JG     YL1ZK         59   030 TS    
QSO:  7086 PH 2026-01-11 0737 ES5G          59  0092 JG     LY2ZO         59   088 KM    
QSO:  7086 PH 2026-01-11 0741 ES5G          59  0093 JG     SM7ATL        59   020 KA    
QSO:  7086 PH 2026-01-11 0743 ES5G          59  0094 JG     YL2BJ         59   096 VR    
QSO:  7086 PH 2026-01-11 0744 ES5G          59  0095 JG     LY4Q          59   021 VU    
QSO:  7086 PH 2026-01-11 0744 ES5G          59  0096 JG     LB1R          59   050 BU    
QSO:  7086 PH 2026-01-11 0744 ES5G          59  0097 JG     LY2K          59   126 AT    
QSO:  7086 PH 2026-01-11 0745 ES5G          59  0098 JG     SA0IAT        59   058 SL    
QSO:  7086 PH 2026-01-11 0746 ES5G          59  0099 JG     OH9JS         59   016 LA    
QSO:  3626 PH 2026-01-11 0748 ES5G          59  0094 JG     OH9JS         59   017 LA    
QSO:  3626 PH 2026-01-11 0748 ES5G          59  0095 JG     ES1BH         59   023 TL    
QSO:  7086 PH 2026-01-11 0752 ES5G          59  0100 JG     LY6A          59   059 KN    
QSO:  7086 PH 2026-01-11 0752 ES5G          59  0101 JG     YL2GD         59   148 AU    
QSO:  7086 PH 2026-01-11 0753 ES5G          59  0102 JG     LY5W          59   140 KN    
QSO:  7086 PH 2026-01-11 0753 ES5G          59  0103 JG     SA3SKL        59   020 GA    
QSO:  7086 PH 2026-01-11 0754 ES5G          59  0104 JG     SM2IAR        59   015 NB    
QSO:  7086 PH 2026-01-11 0754 ES5G          59  0105 JG     ES1BH         59   026 TL    
QSO:  7086 PH 2026-01-11 0755 ES5G          59  0106 JG     YL3JA         59   069 TU    
QSO:  3626 PH 2026-01-11 0756 ES5G          59  0107 JG     SM7ATL        59   025 KA    
QSO:  7086 PH 2026-01-11 0757 ES5G          59  0108 JG     LY5I          59   105 VV    
QSO:  3626 PH 2026-01-11 0758 ES5G          59  0109 JG     YL2GD         59   153 AU    
QSO:  7086 PH 2026-01-11 0758 ES5G          59  0110 JG     LY2J          59   004 MM    
QSO:  7086 PH 2026-01-11 0759 ES5G          59  0111 JG     LY5G          59   068 KD    
END-OF-LOG:
